<?xml version="1.0" encoding="UTF-8"?>
<!-- Generated by org.testng.reporters.JUnitReportReporter -->
<testsuite skipped="0" hostname="A3-577" name="runners.TestRunner" tests="1" failures="0" timestamp="14 Jun 2018 10:03:31 GMT" time="67.224" errors="0">
  <testcase name="feature" time="67.224" classname="runners.TestRunner"/>
</testsuite> <!-- runners.TestRunner -->
